




<!DOCTYPE html>
<html>

<head>
    <meta charset="utf-8">
    <meta name="viewport" content="width=device-width, initial-scale=1, shrink-to-fit=no">
    <title>Test Results</title>
    <link rel="apple-touch-icon" href="https://cdn.rawgit.com/extent-framework/extent-github-cdn/d74480e/commons/img/logo.png">
    <link rel="shortcut icon" href="https://cdn.rawgit.com/extent-framework/extent-github-cdn/d74480e/commons/img/logo.png">
    <link href="https://cdn.rawgit.com/extent-framework/extent-github-cdn/24cb10e/spark/css/style.css" rel="stylesheet" />
    <link href="https://stackpath.bootstrapcdn.com/font-awesome/4.7.0/css/font-awesome.min.css" rel="stylesheet">
<style type="text/css">

</style></head><script src="https://cdn.rawgit.com/extent-framework/extent-github-cdn/7cc78ce/spark/js/jsontree.js"></script>
<body class="test-view -report standard">
    <div class="app header-dark side-nav-folded">
        <div class="layout">
<div class="header navbar">
    <div class="header-container">
        <div class="nav-logo">
          <a href="index.html">
            <div class="logo logo-dark" style="background-image: url('https://cdn.rawgit.com/extent-framework/extent-github-cdn/d74480e/commons/img/logo.png')"></div>
            <div class="logo logo-white" style="background-image: url('https://cdn.rawgit.com/extent-framework/extent-github-cdn/d74480e/commons/img/logo.png')"></div>
          </a>
        </div>
        <ul class="nav-left">
          <li>
            <a class="sidenav-fold-toggler" href="javascript:void(0);">
              <i class="fa fa-bars"></i>
            </a>
            <a class="sidenav-expand-toggler" href="javascript:void(0);">
              <i class="fa fa-bars"></i>
            </a>
          </li>
          <li class="search-box">
            <a class="search-toggle" href="javascript:void(0);">
              <i class="search-icon fa fa-search"></i>
              <i class="search-icon-close fa fa-close"></i>
            </a>
          </li>
          <li class="search-input">
            <input id="search-tests" class="form-control" type="text" placeholder="Type to search...">
          </li>
        </ul>
        <ul class="nav-right">
          <li class="m-r-10">
            <a href="#">
              <span class="badge badge-primary">Web Automation Results</span>
            </a>
          </li>
            <li class="m-r-10">
                <a href="#">
                    <span class="badge badge-primary">Dec 20, 2021 09:22:38 PM</span>
                </a>
            </li>
        </ul>
    </div>
</div><div class="side-nav side-nav-folded">
  <div class="side-nav-inner">
    <ul class="side-nav-menu scrollable">
      <li class="nav-item dropdown">
        <a id="nav-test" class="dropdown-toggle" href="index.html">
          <span class="icon-holder">
            <i class="fa fa-align-left"></i>
          </span>
          <span class="title">Tests</span>
        </a>
      </li>
            <li class="nav-item dropdown">
        <a id="nav-ex" class="dropdown-toggle" href="exception.html">
          <span class="icon-holder">
            <i class="fa fa-bug"></i>
          </span>
          <span class="title">Exception</span>
        </a>
      </li>
      <li class="nav-item dropdown">
        <a id="nav-dashboard" class="dropdown-toggle" href="dashboard.html">
          <span class="icon-holder">
            <i class="fa fa-bar-chart"></i>
          </span>
          <span class="title">Dashboard</span>
        </a>
      </li>
    </ul>
  </div>
</div>
            <div class="page-container">
                <div class="main-content">
                    <div class="test-wrapper row">
                        <div class="test-list">
                            <div class="test-list-tools">
                                <ul class="tools pull-left">
                                    <li>
                                        <a href="">
                                            <span class="font-size-14">Tests</span>
                                        </a>
                                    </li> 
                                </ul>
                                <ul class="tools text-right">
                                    <li class="user-profile dropdown dropdown-animated scale-left">
                                        <a href="#" class="dropdown-toggle" data-toggle="dropdown">
                                            <i class="fa fa-exclamation-circle"></i>
                                        </a>
                                        <ul id="status-toggle" class="dropdown-menu dropdown-md p-v-0">
                                            
	                                        <a class="dropdown-item" status="fail" href="#"><span>Fail</span><span class="status danger pull-right"></span></a>
	                                        
	                                        
	                                        
	                                        
	                                        <div class="dropdown-divider"></div>
                                            <a status="clear" class="dropdown-item" href="#"><span>Clear</span><span class="pull-right"><i class="fa fa-close"></i></span></a>
                                        </ul>
                                    </li>
                                </ul>
                            </div>
                            <div class="test-list-wrapper scrollable">
                                <ul class="test-list-item">
                                    <li class="test-item"  status="fail" test-id="1"
                                            author=""
                                            tag=""
                                            device="">
                                        <div class="status-avatar fail-bg">
                                            <i class="fa fa-times text-white"></i>
                                        </div>
                                        <div class="open-test">
                                            <div class="test-detail"> 
                                                <p class="name">loginValidation</p> 
                                                <p class="duration text-sm">0h 0m 49s+206ms</p> 
                                                <span class="datetime">21:23:02 PM</span>
                                            </div>
                                        </div>
                                        <div class="test-contents d-none">
                                            <div class="detail-head">
                                                <div class="p-v-10 d-inline-block"> 
                                                    <div class="info">
                                                        <h5 class="test-status text-fail">loginValidation</h5>
                                                        <span class='badge badge-success'>12.20.2021 21:23:02</span>
                                                        <span class='badge badge-danger'>12.20.2021 21:23:51</span>
                                                        <span class='badge badge-default'>0h 0m 49s+206ms</span>
                                                    </div>
                                                    <div class="m-t-10 m-l-5">
                                                        
                                                    </div>
                                                </div>
                                            </div>
<div class="detail-body mt-4">                                              
<table class="table table-sm">
	<thead><tr>
		<th class="status-col">Status</th>
		<th class="timestamp-col">Timestamp</th>
		<th class="details-col">Details</th>
	</tr></thead>
	<tbody>
			<tr class="event-row">
				<td><i class="fa fa-times text-fail"></i></td>
				<td>9:23:51 PM</td>
				<td>
						<textarea disabled class="code-block">org.openqa.selenium.NoSuchElementException: no such element: Unable to locate element: {"method":"css selector","selector":"a[class='theme-btn register-btn']"}
  (Session info: chrome=96.0.4664.110)
For documentation on this error, please visit: https://selenium.dev/exceptions/#no_such_element
Build info: version: '4.0.0', revision: '3a21814679'
System info: host: 'DESKTOP-O1MNL82', ip: '192.168.1.105', os.name: 'Windows 10', os.arch: 'amd64', os.version: '10.0', java.version: '16.0.1'
Driver info: org.openqa.selenium.chrome.ChromeDriver
Command: [7cd1d9a17b56e19ef9dd4e37e4a34046, findElement {using=css selector, value=a[class='theme-btn register-btn']}]
Capabilities {acceptInsecureCerts: false, browserName: chrome, browserVersion: 96.0.4664.110, chrome: {chromedriverVersion: 96.0.4664.45 (76e4c1bb2ab46..., userDataDir: C:\Users\SREE\AppData\Local...}, goog:chromeOptions: {debuggerAddress: localhost:63548}, javascriptEnabled: true, networkConnectionEnabled: false, pageLoadStrategy: normal, platform: WINDOWS, platformName: WINDOWS, proxy: Proxy(), se:cdp: ws://localhost:63548/devtoo..., se:cdpVersion: 96.0.4664.110, setWindowRect: true, strictFileInteractability: false, timeouts: {implicit: 0, pageLoad: 300000, script: 30000}, unhandledPromptBehavior: dismiss and notify, webauthn:extension:credBlob: true, webauthn:extension:largeBlob: true, webauthn:virtualAuthenticators: true}
Session ID: 7cd1d9a17b56e19ef9dd4e37e4a34046
	at java.base/jdk.internal.reflect.NativeConstructorAccessorImpl.newInstance0(Native Method)
	at java.base/jdk.internal.reflect.NativeConstructorAccessorImpl.newInstance(NativeConstructorAccessorImpl.java:78)
	at java.base/jdk.internal.reflect.DelegatingConstructorAccessorImpl.newInstance(DelegatingConstructorAccessorImpl.java:45)
	at java.base/java.lang.reflect.Constructor.newInstanceWithCaller(Constructor.java:499)
	at java.base/java.lang.reflect.Constructor.newInstance(Constructor.java:480)
	at org.openqa.selenium.remote.codec.w3c.W3CHttpResponseCodec.createException(W3CHttpResponseCodec.java:200)
	at org.openqa.selenium.remote.codec.w3c.W3CHttpResponseCodec.decode(W3CHttpResponseCodec.java:133)
	at org.openqa.selenium.remote.codec.w3c.W3CHttpResponseCodec.decode(W3CHttpResponseCodec.java:53)
	at org.openqa.selenium.remote.HttpCommandExecutor.execute(HttpCommandExecutor.java:184)
	at org.openqa.selenium.remote.service.DriverCommandExecutor.invokeExecute(DriverCommandExecutor.java:164)
	at org.openqa.selenium.remote.service.DriverCommandExecutor.execute(DriverCommandExecutor.java:139)
	at org.openqa.selenium.remote.RemoteWebDriver.execute(RemoteWebDriver.java:559)
	at org.openqa.selenium.remote.ElementLocation$ElementFinder$2.findElement(ElementLocation.java:162)
	at org.openqa.selenium.remote.ElementLocation.findElement(ElementLocation.java:60)
	at org.openqa.selenium.remote.RemoteWebDriver.findElement(RemoteWebDriver.java:383)
	at org.openqa.selenium.remote.RemoteWebDriver.findElement(RemoteWebDriver.java:375)
	at Pageresources.Landingpage.clicklogin(Landingpage.java:25)
	at Academy.LoginpageValidation.loginValidation(LoginpageValidation.java:40)
	at java.base/jdk.internal.reflect.NativeMethodAccessorImpl.invoke0(Native Method)
	at java.base/jdk.internal.reflect.NativeMethodAccessorImpl.invoke(NativeMethodAccessorImpl.java:78)
	at java.base/jdk.internal.reflect.DelegatingMethodAccessorImpl.invoke(DelegatingMethodAccessorImpl.java:43)
	at java.base/java.lang.reflect.Method.invoke(Method.java:567)
	at org.testng.internal.MethodInvocationHelper.invokeMethod(MethodInvocationHelper.java:133)
	at org.testng.internal.TestInvoker.invokeMethod(TestInvoker.java:598)
	at org.testng.internal.TestInvoker.invokeTestMethod(TestInvoker.java:173)
	at org.testng.internal.MethodRunner.runInSequence(MethodRunner.java:46)
	at org.testng.internal.TestInvoker$MethodInvocationAgent.invoke(TestInvoker.java:824)
	at org.testng.internal.TestInvoker.invokeTestMethods(TestInvoker.java:146)
	at org.testng.internal.TestMethodWorker.invokeTestMethods(TestMethodWorker.java:146)
	at org.testng.internal.TestMethodWorker.run(TestMethodWorker.java:128)
	at java.base/java.util.ArrayList.forEach(ArrayList.java:1511)
	at org.testng.TestRunner.privateRun(TestRunner.java:794)
	at org.testng.TestRunner.run(TestRunner.java:596)
	at org.testng.SuiteRunner.runTest(SuiteRunner.java:377)
	at org.testng.SuiteRunner.access$000(SuiteRunner.java:28)
	at org.testng.SuiteRunner$SuiteWorker.run(SuiteRunner.java:418)
	at org.testng.internal.thread.ThreadUtil.lambda$execute$0(ThreadUtil.java:64)
	at java.base/java.util.concurrent.FutureTask.run(FutureTask.java:264)
	at java.base/java.util.concurrent.ThreadPoolExecutor.runWorker(ThreadPoolExecutor.java:1130)
	at java.base/java.util.concurrent.ThreadPoolExecutor$Worker.run(ThreadPoolExecutor.java:630)
	at java.base/java.lang.Thread.run(Thread.java:831)
</textarea>
				</td>
			</tr>
	</tbody>
</table>
</div>
<div class="detail-foot">
	<ul class="attachments">
		<li>
			<a href="E:\Selinum2\eclipse-workspace\E2EProject\reports\loginValidation.png" data-featherlight="image">
				<div class="file-icon">
					<i class="fa fa-file-image-o"></i> 
				</div>
				<div class="file-info">
					<span class="file-name">loginValidation</span>
					<span class="file-size"> 21,702Kb</span>
				</div>
			</a>
		</li>
	</ul>
</div>
                                        </div>
                                    </li>
                                    <li class="test-item"  status="fail" test-id="2"
                                            author=""
                                            tag=""
                                            device="">
                                        <div class="status-avatar fail-bg">
                                            <i class="fa fa-times text-white"></i>
                                        </div>
                                        <div class="open-test">
                                            <div class="test-detail"> 
                                                <p class="name">navigationbarValidation</p> 
                                                <p class="duration text-sm">0h 0m 10s+192ms</p> 
                                                <span class="datetime">21:23:41 PM</span>
                                            </div>
                                        </div>
                                        <div class="test-contents d-none">
                                            <div class="detail-head">
                                                <div class="p-v-10 d-inline-block"> 
                                                    <div class="info">
                                                        <h5 class="test-status text-fail">navigationbarValidation</h5>
                                                        <span class='badge badge-success'>12.20.2021 21:23:41</span>
                                                        <span class='badge badge-danger'>12.20.2021 21:23:51</span>
                                                        <span class='badge badge-default'>0h 0m 10s+192ms</span>
                                                    </div>
                                                    <div class="m-t-10 m-l-5">
                                                        
                                                    </div>
                                                </div>
                                            </div>
<div class="detail-body mt-4">                                              
<table class="table table-sm">
	<thead><tr>
		<th class="status-col">Status</th>
		<th class="timestamp-col">Timestamp</th>
		<th class="details-col">Details</th>
	</tr></thead>
	<tbody>
			<tr class="event-row">
				<td><i class="fa fa-times text-fail"></i></td>
				<td>9:23:51 PM</td>
				<td>
						<textarea disabled class="code-block">org.openqa.selenium.NoSuchElementException: no such element: Unable to locate element: {"method":"css selector","selector":"ul[class='navigation clearfix']"}
  (Session info: chrome=96.0.4664.110)
For documentation on this error, please visit: https://selenium.dev/exceptions/#no_such_element
Build info: version: '4.0.0', revision: '3a21814679'
System info: host: 'DESKTOP-O1MNL82', ip: '192.168.1.105', os.name: 'Windows 10', os.arch: 'amd64', os.version: '10.0', java.version: '16.0.1'
Driver info: org.openqa.selenium.chrome.ChromeDriver
Command: [470446b1c93d2ee9e8c74ecceae5c99e, findElement {using=css selector, value=ul[class='navigation clearfix']}]
Capabilities {acceptInsecureCerts: false, browserName: chrome, browserVersion: 96.0.4664.110, chrome: {chromedriverVersion: 96.0.4664.45 (76e4c1bb2ab46..., userDataDir: C:\Users\SREE\AppData\Local...}, goog:chromeOptions: {debuggerAddress: localhost:63545}, javascriptEnabled: true, networkConnectionEnabled: false, pageLoadStrategy: normal, platform: WINDOWS, platformName: WINDOWS, proxy: Proxy(), se:cdp: ws://localhost:63545/devtoo..., se:cdpVersion: 96.0.4664.110, setWindowRect: true, strictFileInteractability: false, timeouts: {implicit: 0, pageLoad: 300000, script: 30000}, unhandledPromptBehavior: dismiss and notify, webauthn:extension:credBlob: true, webauthn:extension:largeBlob: true, webauthn:virtualAuthenticators: true}
Session ID: 470446b1c93d2ee9e8c74ecceae5c99e
	at java.base/jdk.internal.reflect.NativeConstructorAccessorImpl.newInstance0(Native Method)
	at java.base/jdk.internal.reflect.NativeConstructorAccessorImpl.newInstance(NativeConstructorAccessorImpl.java:78)
	at java.base/jdk.internal.reflect.DelegatingConstructorAccessorImpl.newInstance(DelegatingConstructorAccessorImpl.java:45)
	at java.base/java.lang.reflect.Constructor.newInstanceWithCaller(Constructor.java:499)
	at java.base/java.lang.reflect.Constructor.newInstance(Constructor.java:480)
	at org.openqa.selenium.remote.codec.w3c.W3CHttpResponseCodec.createException(W3CHttpResponseCodec.java:200)
	at org.openqa.selenium.remote.codec.w3c.W3CHttpResponseCodec.decode(W3CHttpResponseCodec.java:133)
	at org.openqa.selenium.remote.codec.w3c.W3CHttpResponseCodec.decode(W3CHttpResponseCodec.java:53)
	at org.openqa.selenium.remote.HttpCommandExecutor.execute(HttpCommandExecutor.java:184)
	at org.openqa.selenium.remote.service.DriverCommandExecutor.invokeExecute(DriverCommandExecutor.java:164)
	at org.openqa.selenium.remote.service.DriverCommandExecutor.execute(DriverCommandExecutor.java:139)
	at org.openqa.selenium.remote.RemoteWebDriver.execute(RemoteWebDriver.java:559)
	at org.openqa.selenium.remote.ElementLocation$ElementFinder$2.findElement(ElementLocation.java:162)
	at org.openqa.selenium.remote.ElementLocation.findElement(ElementLocation.java:60)
	at org.openqa.selenium.remote.RemoteWebDriver.findElement(RemoteWebDriver.java:383)
	at org.openqa.selenium.remote.RemoteWebDriver.findElement(RemoteWebDriver.java:375)
	at Pageresources.Landingpage.Link(Landingpage.java:42)
	at Academy.NavigationbarValidation.navigationbarValidation(NavigationbarValidation.java:36)
	at java.base/jdk.internal.reflect.NativeMethodAccessorImpl.invoke0(Native Method)
	at java.base/jdk.internal.reflect.NativeMethodAccessorImpl.invoke(NativeMethodAccessorImpl.java:78)
	at java.base/jdk.internal.reflect.DelegatingMethodAccessorImpl.invoke(DelegatingMethodAccessorImpl.java:43)
	at java.base/java.lang.reflect.Method.invoke(Method.java:567)
	at org.testng.internal.MethodInvocationHelper.invokeMethod(MethodInvocationHelper.java:133)
	at org.testng.internal.TestInvoker.invokeMethod(TestInvoker.java:598)
	at org.testng.internal.TestInvoker.invokeTestMethod(TestInvoker.java:173)
	at org.testng.internal.MethodRunner.runInSequence(MethodRunner.java:46)
	at org.testng.internal.TestInvoker$MethodInvocationAgent.invoke(TestInvoker.java:824)
	at org.testng.internal.TestInvoker.invokeTestMethods(TestInvoker.java:146)
	at org.testng.internal.TestMethodWorker.invokeTestMethods(TestMethodWorker.java:146)
	at org.testng.internal.TestMethodWorker.run(TestMethodWorker.java:128)
	at java.base/java.util.ArrayList.forEach(ArrayList.java:1511)
	at org.testng.TestRunner.privateRun(TestRunner.java:794)
	at org.testng.TestRunner.run(TestRunner.java:596)
	at org.testng.SuiteRunner.runTest(SuiteRunner.java:377)
	at org.testng.SuiteRunner.access$000(SuiteRunner.java:28)
	at org.testng.SuiteRunner$SuiteWorker.run(SuiteRunner.java:418)
	at org.testng.internal.thread.ThreadUtil.lambda$execute$0(ThreadUtil.java:64)
	at java.base/java.util.concurrent.FutureTask.run(FutureTask.java:264)
	at java.base/java.util.concurrent.ThreadPoolExecutor.runWorker(ThreadPoolExecutor.java:1130)
	at java.base/java.util.concurrent.ThreadPoolExecutor$Worker.run(ThreadPoolExecutor.java:630)
	at java.base/java.lang.Thread.run(Thread.java:831)
</textarea>
				</td>
			</tr>
	</tbody>
</table>
</div>
<div class="detail-foot">
	<ul class="attachments">
		<li>
			<a href="E:\Selinum2\eclipse-workspace\E2EProject\reports\navigationbarValidation.png" data-featherlight="image">
				<div class="file-icon">
					<i class="fa fa-file-image-o"></i> 
				</div>
				<div class="file-info">
					<span class="file-name">navigationbarValidation</span>
					<span class="file-size"> 21,702Kb</span>
				</div>
			</a>
		</li>
	</ul>
</div>
                                        </div>
                                    </li>
                                    <li class="test-item"  status="fail" test-id="3"
                                            author=""
                                            tag=""
                                            device="">
                                        <div class="status-avatar fail-bg">
                                            <i class="fa fa-times text-white"></i>
                                        </div>
                                        <div class="open-test">
                                            <div class="test-detail"> 
                                                <p class="name">homepageText</p> 
                                                <p class="duration text-sm">0h 0m 10s+182ms</p> 
                                                <span class="datetime">21:23:41 PM</span>
                                            </div>
                                        </div>
                                        <div class="test-contents d-none">
                                            <div class="detail-head">
                                                <div class="p-v-10 d-inline-block"> 
                                                    <div class="info">
                                                        <h5 class="test-status text-fail">homepageText</h5>
                                                        <span class='badge badge-success'>12.20.2021 21:23:41</span>
                                                        <span class='badge badge-danger'>12.20.2021 21:23:51</span>
                                                        <span class='badge badge-default'>0h 0m 10s+182ms</span>
                                                    </div>
                                                    <div class="m-t-10 m-l-5">
                                                        
                                                    </div>
                                                </div>
                                            </div>
<div class="detail-body mt-4">                                              
<table class="table table-sm">
	<thead><tr>
		<th class="status-col">Status</th>
		<th class="timestamp-col">Timestamp</th>
		<th class="details-col">Details</th>
	</tr></thead>
	<tbody>
			<tr class="event-row">
				<td><i class="fa fa-times text-fail"></i></td>
				<td>9:23:51 PM</td>
				<td>
						<textarea disabled class="code-block">org.openqa.selenium.NoSuchElementException: no such element: Unable to locate element: {"method":"css selector","selector":"div[class='header-text hidden-xs'] h3"}
  (Session info: chrome=96.0.4664.110)
For documentation on this error, please visit: https://selenium.dev/exceptions/#no_such_element
Build info: version: '4.0.0', revision: '3a21814679'
System info: host: 'DESKTOP-O1MNL82', ip: '192.168.1.105', os.name: 'Windows 10', os.arch: 'amd64', os.version: '10.0', java.version: '16.0.1'
Driver info: org.openqa.selenium.chrome.ChromeDriver
Command: [bcb87c66720a3ec9df803a28e780ed96, findElement {using=css selector, value=div[class='header-text hidden-xs'] h3}]
Capabilities {acceptInsecureCerts: false, browserName: chrome, browserVersion: 96.0.4664.110, chrome: {chromedriverVersion: 96.0.4664.45 (76e4c1bb2ab46..., userDataDir: C:\Users\SREE\AppData\Local...}, goog:chromeOptions: {debuggerAddress: localhost:63546}, javascriptEnabled: true, networkConnectionEnabled: false, pageLoadStrategy: normal, platform: WINDOWS, platformName: WINDOWS, proxy: Proxy(), se:cdp: ws://localhost:63546/devtoo..., se:cdpVersion: 96.0.4664.110, setWindowRect: true, strictFileInteractability: false, timeouts: {implicit: 0, pageLoad: 300000, script: 30000}, unhandledPromptBehavior: dismiss and notify, webauthn:extension:credBlob: true, webauthn:extension:largeBlob: true, webauthn:virtualAuthenticators: true}
Session ID: bcb87c66720a3ec9df803a28e780ed96
	at java.base/jdk.internal.reflect.NativeConstructorAccessorImpl.newInstance0(Native Method)
	at java.base/jdk.internal.reflect.NativeConstructorAccessorImpl.newInstance(NativeConstructorAccessorImpl.java:78)
	at java.base/jdk.internal.reflect.DelegatingConstructorAccessorImpl.newInstance(DelegatingConstructorAccessorImpl.java:45)
	at java.base/java.lang.reflect.Constructor.newInstanceWithCaller(Constructor.java:499)
	at java.base/java.lang.reflect.Constructor.newInstance(Constructor.java:480)
	at org.openqa.selenium.remote.codec.w3c.W3CHttpResponseCodec.createException(W3CHttpResponseCodec.java:200)
	at org.openqa.selenium.remote.codec.w3c.W3CHttpResponseCodec.decode(W3CHttpResponseCodec.java:133)
	at org.openqa.selenium.remote.codec.w3c.W3CHttpResponseCodec.decode(W3CHttpResponseCodec.java:53)
	at org.openqa.selenium.remote.HttpCommandExecutor.execute(HttpCommandExecutor.java:184)
	at org.openqa.selenium.remote.service.DriverCommandExecutor.invokeExecute(DriverCommandExecutor.java:164)
	at org.openqa.selenium.remote.service.DriverCommandExecutor.execute(DriverCommandExecutor.java:139)
	at org.openqa.selenium.remote.RemoteWebDriver.execute(RemoteWebDriver.java:559)
	at org.openqa.selenium.remote.ElementLocation$ElementFinder$2.findElement(ElementLocation.java:162)
	at org.openqa.selenium.remote.ElementLocation.findElement(ElementLocation.java:60)
	at org.openqa.selenium.remote.RemoteWebDriver.findElement(RemoteWebDriver.java:383)
	at org.openqa.selenium.remote.RemoteWebDriver.findElement(RemoteWebDriver.java:375)
	at Pageresources.Landingpage.Text(Landingpage.java:37)
	at Academy.Homevalidation.homepageText(Homevalidation.java:49)
	at java.base/jdk.internal.reflect.NativeMethodAccessorImpl.invoke0(Native Method)
	at java.base/jdk.internal.reflect.NativeMethodAccessorImpl.invoke(NativeMethodAccessorImpl.java:78)
	at java.base/jdk.internal.reflect.DelegatingMethodAccessorImpl.invoke(DelegatingMethodAccessorImpl.java:43)
	at java.base/java.lang.reflect.Method.invoke(Method.java:567)
	at org.testng.internal.MethodInvocationHelper.invokeMethod(MethodInvocationHelper.java:133)
	at org.testng.internal.TestInvoker.invokeMethod(TestInvoker.java:598)
	at org.testng.internal.TestInvoker.invokeTestMethod(TestInvoker.java:173)
	at org.testng.internal.MethodRunner.runInSequence(MethodRunner.java:46)
	at org.testng.internal.TestInvoker$MethodInvocationAgent.invoke(TestInvoker.java:824)
	at org.testng.internal.TestInvoker.invokeTestMethods(TestInvoker.java:146)
	at org.testng.internal.TestMethodWorker.invokeTestMethods(TestMethodWorker.java:146)
	at org.testng.internal.TestMethodWorker.run(TestMethodWorker.java:128)
	at java.base/java.util.ArrayList.forEach(ArrayList.java:1511)
	at org.testng.TestRunner.privateRun(TestRunner.java:794)
	at org.testng.TestRunner.run(TestRunner.java:596)
	at org.testng.SuiteRunner.runTest(SuiteRunner.java:377)
	at org.testng.SuiteRunner.access$000(SuiteRunner.java:28)
	at org.testng.SuiteRunner$SuiteWorker.run(SuiteRunner.java:418)
	at org.testng.internal.thread.ThreadUtil.lambda$execute$0(ThreadUtil.java:64)
	at java.base/java.util.concurrent.FutureTask.run(FutureTask.java:264)
	at java.base/java.util.concurrent.ThreadPoolExecutor.runWorker(ThreadPoolExecutor.java:1130)
	at java.base/java.util.concurrent.ThreadPoolExecutor$Worker.run(ThreadPoolExecutor.java:630)
	at java.base/java.lang.Thread.run(Thread.java:831)
</textarea>
				</td>
			</tr>
	</tbody>
</table>
</div>
<div class="detail-foot">
	<ul class="attachments">
		<li>
			<a href="E:\Selinum2\eclipse-workspace\E2EProject\reports\homepageText.png" data-featherlight="image">
				<div class="file-icon">
					<i class="fa fa-file-image-o"></i> 
				</div>
				<div class="file-info">
					<span class="file-name">homepageText</span>
					<span class="file-size"> 21,702Kb</span>
				</div>
			</a>
		</li>
	</ul>
</div>
                                        </div>
                                    </li>
                                    <li class="test-item"  status="fail" test-id="4"
                                            author=""
                                            tag=""
                                            device="">
                                        <div class="status-avatar fail-bg">
                                            <i class="fa fa-times text-white"></i>
                                        </div>
                                        <div class="open-test">
                                            <div class="test-detail"> 
                                                <p class="name">loginValidation</p> 
                                                <p class="duration text-sm">0h 0m 40s+761ms</p> 
                                                <span class="datetime">21:23:52 PM</span>
                                            </div>
                                        </div>
                                        <div class="test-contents d-none">
                                            <div class="detail-head">
                                                <div class="p-v-10 d-inline-block"> 
                                                    <div class="info">
                                                        <h5 class="test-status text-fail">loginValidation</h5>
                                                        <span class='badge badge-success'>12.20.2021 21:23:52</span>
                                                        <span class='badge badge-danger'>12.20.2021 21:24:33</span>
                                                        <span class='badge badge-default'>0h 0m 40s+761ms</span>
                                                    </div>
                                                    <div class="m-t-10 m-l-5">
                                                        
                                                    </div>
                                                </div>
                                            </div>
<div class="detail-body mt-4">                                              
<table class="table table-sm">
	<thead><tr>
		<th class="status-col">Status</th>
		<th class="timestamp-col">Timestamp</th>
		<th class="details-col">Details</th>
	</tr></thead>
	<tbody>
			<tr class="event-row">
				<td><i class="fa fa-times text-fail"></i></td>
				<td>9:24:33 PM</td>
				<td>
						<textarea disabled class="code-block">org.openqa.selenium.NoSuchElementException: no such element: Unable to locate element: {"method":"css selector","selector":"a[class='theme-btn register-btn']"}
  (Session info: chrome=96.0.4664.110)
For documentation on this error, please visit: https://selenium.dev/exceptions/#no_such_element
Build info: version: '4.0.0', revision: '3a21814679'
System info: host: 'DESKTOP-O1MNL82', ip: '192.168.1.105', os.name: 'Windows 10', os.arch: 'amd64', os.version: '10.0', java.version: '16.0.1'
Driver info: org.openqa.selenium.chrome.ChromeDriver
Command: [7cd1d9a17b56e19ef9dd4e37e4a34046, findElement {using=css selector, value=a[class='theme-btn register-btn']}]
Capabilities {acceptInsecureCerts: false, browserName: chrome, browserVersion: 96.0.4664.110, chrome: {chromedriverVersion: 96.0.4664.45 (76e4c1bb2ab46..., userDataDir: C:\Users\SREE\AppData\Local...}, goog:chromeOptions: {debuggerAddress: localhost:63548}, javascriptEnabled: true, networkConnectionEnabled: false, pageLoadStrategy: normal, platform: WINDOWS, platformName: WINDOWS, proxy: Proxy(), se:cdp: ws://localhost:63548/devtoo..., se:cdpVersion: 96.0.4664.110, setWindowRect: true, strictFileInteractability: false, timeouts: {implicit: 0, pageLoad: 300000, script: 30000}, unhandledPromptBehavior: dismiss and notify, webauthn:extension:credBlob: true, webauthn:extension:largeBlob: true, webauthn:virtualAuthenticators: true}
Session ID: 7cd1d9a17b56e19ef9dd4e37e4a34046
	at java.base/jdk.internal.reflect.NativeConstructorAccessorImpl.newInstance0(Native Method)
	at java.base/jdk.internal.reflect.NativeConstructorAccessorImpl.newInstance(NativeConstructorAccessorImpl.java:78)
	at java.base/jdk.internal.reflect.DelegatingConstructorAccessorImpl.newInstance(DelegatingConstructorAccessorImpl.java:45)
	at java.base/java.lang.reflect.Constructor.newInstanceWithCaller(Constructor.java:499)
	at java.base/java.lang.reflect.Constructor.newInstance(Constructor.java:480)
	at org.openqa.selenium.remote.codec.w3c.W3CHttpResponseCodec.createException(W3CHttpResponseCodec.java:200)
	at org.openqa.selenium.remote.codec.w3c.W3CHttpResponseCodec.decode(W3CHttpResponseCodec.java:133)
	at org.openqa.selenium.remote.codec.w3c.W3CHttpResponseCodec.decode(W3CHttpResponseCodec.java:53)
	at org.openqa.selenium.remote.HttpCommandExecutor.execute(HttpCommandExecutor.java:184)
	at org.openqa.selenium.remote.service.DriverCommandExecutor.invokeExecute(DriverCommandExecutor.java:164)
	at org.openqa.selenium.remote.service.DriverCommandExecutor.execute(DriverCommandExecutor.java:139)
	at org.openqa.selenium.remote.RemoteWebDriver.execute(RemoteWebDriver.java:559)
	at org.openqa.selenium.remote.ElementLocation$ElementFinder$2.findElement(ElementLocation.java:162)
	at org.openqa.selenium.remote.ElementLocation.findElement(ElementLocation.java:60)
	at org.openqa.selenium.remote.RemoteWebDriver.findElement(RemoteWebDriver.java:383)
	at org.openqa.selenium.remote.RemoteWebDriver.findElement(RemoteWebDriver.java:375)
	at Pageresources.Landingpage.clicklogin(Landingpage.java:25)
	at Academy.LoginpageValidation.loginValidation(LoginpageValidation.java:40)
	at java.base/jdk.internal.reflect.NativeMethodAccessorImpl.invoke0(Native Method)
	at java.base/jdk.internal.reflect.NativeMethodAccessorImpl.invoke(NativeMethodAccessorImpl.java:78)
	at java.base/jdk.internal.reflect.DelegatingMethodAccessorImpl.invoke(DelegatingMethodAccessorImpl.java:43)
	at java.base/java.lang.reflect.Method.invoke(Method.java:567)
	at org.testng.internal.MethodInvocationHelper.invokeMethod(MethodInvocationHelper.java:133)
	at org.testng.internal.TestInvoker.invokeMethod(TestInvoker.java:598)
	at org.testng.internal.TestInvoker.invokeTestMethod(TestInvoker.java:173)
	at org.testng.internal.MethodRunner.runInSequence(MethodRunner.java:46)
	at org.testng.internal.TestInvoker$MethodInvocationAgent.invoke(TestInvoker.java:824)
	at org.testng.internal.TestInvoker.invokeTestMethods(TestInvoker.java:146)
	at org.testng.internal.TestMethodWorker.invokeTestMethods(TestMethodWorker.java:146)
	at org.testng.internal.TestMethodWorker.run(TestMethodWorker.java:128)
	at java.base/java.util.ArrayList.forEach(ArrayList.java:1511)
	at org.testng.TestRunner.privateRun(TestRunner.java:794)
	at org.testng.TestRunner.run(TestRunner.java:596)
	at org.testng.SuiteRunner.runTest(SuiteRunner.java:377)
	at org.testng.SuiteRunner.access$000(SuiteRunner.java:28)
	at org.testng.SuiteRunner$SuiteWorker.run(SuiteRunner.java:418)
	at org.testng.internal.thread.ThreadUtil.lambda$execute$0(ThreadUtil.java:64)
	at java.base/java.util.concurrent.FutureTask.run(FutureTask.java:264)
	at java.base/java.util.concurrent.ThreadPoolExecutor.runWorker(ThreadPoolExecutor.java:1130)
	at java.base/java.util.concurrent.ThreadPoolExecutor$Worker.run(ThreadPoolExecutor.java:630)
	at java.base/java.lang.Thread.run(Thread.java:831)
</textarea>
				</td>
			</tr>
	</tbody>
</table>
</div>
<div class="detail-foot">
	<ul class="attachments">
		<li>
			<a href="E:\Selinum2\eclipse-workspace\E2EProject\reports\loginValidation.png" data-featherlight="image">
				<div class="file-icon">
					<i class="fa fa-file-image-o"></i> 
				</div>
				<div class="file-info">
					<span class="file-name">loginValidation</span>
					<span class="file-size"> 21,702Kb</span>
				</div>
			</a>
		</li>
	</ul>
</div>
                                        </div>
                                    </li>
                                    <li class="test-item"  status="fail" test-id="5"
                                            author=""
                                            tag=""
                                            device="">
                                        <div class="status-avatar fail-bg">
                                            <i class="fa fa-times text-white"></i>
                                        </div>
                                        <div class="open-test">
                                            <div class="test-detail"> 
                                                <p class="name">homepageTextValidation</p> 
                                                <p class="duration text-sm">0h 0m 10s+30ms</p> 
                                                <span class="datetime">21:23:52 PM</span>
                                            </div>
                                        </div>
                                        <div class="test-contents d-none">
                                            <div class="detail-head">
                                                <div class="p-v-10 d-inline-block"> 
                                                    <div class="info">
                                                        <h5 class="test-status text-fail">homepageTextValidation</h5>
                                                        <span class='badge badge-success'>12.20.2021 21:23:52</span>
                                                        <span class='badge badge-danger'>12.20.2021 21:24:02</span>
                                                        <span class='badge badge-default'>0h 0m 10s+30ms</span>
                                                    </div>
                                                    <div class="m-t-10 m-l-5">
                                                        
                                                    </div>
                                                </div>
                                            </div>
<div class="detail-body mt-4">                                              
<table class="table table-sm">
	<thead><tr>
		<th class="status-col">Status</th>
		<th class="timestamp-col">Timestamp</th>
		<th class="details-col">Details</th>
	</tr></thead>
	<tbody>
			<tr class="event-row">
				<td><i class="fa fa-times text-fail"></i></td>
				<td>9:24:02 PM</td>
				<td>
						<textarea disabled class="code-block">org.openqa.selenium.NoSuchElementException: no such element: Unable to locate element: {"method":"xpath","selector":"//div[@class='pull-left']"}
  (Session info: chrome=96.0.4664.110)
For documentation on this error, please visit: https://selenium.dev/exceptions/#no_such_element
Build info: version: '4.0.0', revision: '3a21814679'
System info: host: 'DESKTOP-O1MNL82', ip: '192.168.1.105', os.name: 'Windows 10', os.arch: 'amd64', os.version: '10.0', java.version: '16.0.1'
Driver info: org.openqa.selenium.chrome.ChromeDriver
Command: [bcb87c66720a3ec9df803a28e780ed96, findElement {using=xpath, value=//div[@class='pull-left']}]
Capabilities {acceptInsecureCerts: false, browserName: chrome, browserVersion: 96.0.4664.110, chrome: {chromedriverVersion: 96.0.4664.45 (76e4c1bb2ab46..., userDataDir: C:\Users\SREE\AppData\Local...}, goog:chromeOptions: {debuggerAddress: localhost:63546}, javascriptEnabled: true, networkConnectionEnabled: false, pageLoadStrategy: normal, platform: WINDOWS, platformName: WINDOWS, proxy: Proxy(), se:cdp: ws://localhost:63546/devtoo..., se:cdpVersion: 96.0.4664.110, setWindowRect: true, strictFileInteractability: false, timeouts: {implicit: 0, pageLoad: 300000, script: 30000}, unhandledPromptBehavior: dismiss and notify, webauthn:extension:credBlob: true, webauthn:extension:largeBlob: true, webauthn:virtualAuthenticators: true}
Session ID: bcb87c66720a3ec9df803a28e780ed96
	at java.base/jdk.internal.reflect.NativeConstructorAccessorImpl.newInstance0(Native Method)
	at java.base/jdk.internal.reflect.NativeConstructorAccessorImpl.newInstance(NativeConstructorAccessorImpl.java:78)
	at java.base/jdk.internal.reflect.DelegatingConstructorAccessorImpl.newInstance(DelegatingConstructorAccessorImpl.java:45)
	at java.base/java.lang.reflect.Constructor.newInstanceWithCaller(Constructor.java:499)
	at java.base/java.lang.reflect.Constructor.newInstance(Constructor.java:480)
	at org.openqa.selenium.remote.codec.w3c.W3CHttpResponseCodec.createException(W3CHttpResponseCodec.java:200)
	at org.openqa.selenium.remote.codec.w3c.W3CHttpResponseCodec.decode(W3CHttpResponseCodec.java:133)
	at org.openqa.selenium.remote.codec.w3c.W3CHttpResponseCodec.decode(W3CHttpResponseCodec.java:53)
	at org.openqa.selenium.remote.HttpCommandExecutor.execute(HttpCommandExecutor.java:184)
	at org.openqa.selenium.remote.service.DriverCommandExecutor.invokeExecute(DriverCommandExecutor.java:164)
	at org.openqa.selenium.remote.service.DriverCommandExecutor.execute(DriverCommandExecutor.java:139)
	at org.openqa.selenium.remote.RemoteWebDriver.execute(RemoteWebDriver.java:559)
	at org.openqa.selenium.remote.ElementLocation$ElementFinder$2.findElement(ElementLocation.java:162)
	at org.openqa.selenium.remote.ElementLocation.findElement(ElementLocation.java:60)
	at org.openqa.selenium.remote.RemoteWebDriver.findElement(RemoteWebDriver.java:383)
	at org.openqa.selenium.remote.RemoteWebDriver.findElement(RemoteWebDriver.java:375)
	at Pageresources.Landingpage.Title(Landingpage.java:32)
	at Academy.Homevalidation.homepageTextValidation(Homevalidation.java:37)
	at java.base/jdk.internal.reflect.NativeMethodAccessorImpl.invoke0(Native Method)
	at java.base/jdk.internal.reflect.NativeMethodAccessorImpl.invoke(NativeMethodAccessorImpl.java:78)
	at java.base/jdk.internal.reflect.DelegatingMethodAccessorImpl.invoke(DelegatingMethodAccessorImpl.java:43)
	at java.base/java.lang.reflect.Method.invoke(Method.java:567)
	at org.testng.internal.MethodInvocationHelper.invokeMethod(MethodInvocationHelper.java:133)
	at org.testng.internal.TestInvoker.invokeMethod(TestInvoker.java:598)
	at org.testng.internal.TestInvoker.invokeTestMethod(TestInvoker.java:173)
	at org.testng.internal.MethodRunner.runInSequence(MethodRunner.java:46)
	at org.testng.internal.TestInvoker$MethodInvocationAgent.invoke(TestInvoker.java:824)
	at org.testng.internal.TestInvoker.invokeTestMethods(TestInvoker.java:146)
	at org.testng.internal.TestMethodWorker.invokeTestMethods(TestMethodWorker.java:146)
	at org.testng.internal.TestMethodWorker.run(TestMethodWorker.java:128)
	at java.base/java.util.ArrayList.forEach(ArrayList.java:1511)
	at org.testng.TestRunner.privateRun(TestRunner.java:794)
	at org.testng.TestRunner.run(TestRunner.java:596)
	at org.testng.SuiteRunner.runTest(SuiteRunner.java:377)
	at org.testng.SuiteRunner.access$000(SuiteRunner.java:28)
	at org.testng.SuiteRunner$SuiteWorker.run(SuiteRunner.java:418)
	at org.testng.internal.thread.ThreadUtil.lambda$execute$0(ThreadUtil.java:64)
	at java.base/java.util.concurrent.FutureTask.run(FutureTask.java:264)
	at java.base/java.util.concurrent.ThreadPoolExecutor.runWorker(ThreadPoolExecutor.java:1130)
	at java.base/java.util.concurrent.ThreadPoolExecutor$Worker.run(ThreadPoolExecutor.java:630)
	at java.base/java.lang.Thread.run(Thread.java:831)
</textarea>
				</td>
			</tr>
	</tbody>
</table>
</div>
<div class="detail-foot">
	<ul class="attachments">
		<li>
			<a href="E:\Selinum2\eclipse-workspace\E2EProject\reports\homepageTextValidation.png" data-featherlight="image">
				<div class="file-icon">
					<i class="fa fa-file-image-o"></i> 
				</div>
				<div class="file-info">
					<span class="file-name">homepageTextValidation</span>
					<span class="file-size"> 21,702Kb</span>
				</div>
			</a>
		</li>
	</ul>
</div>
                                        </div>
                                    </li>
                                </ul>    
                            </div>
                        </div>
                        <div class="test-content scrollable">
                            <div class="test-content-tools">
                                <ul>
                                    <li>
                                        <a class="back-to-test" href="javascript:void(0)">
                                            <i class="fa fa-arrow-left"></i>
                                        </a>
                                    </li>
                                </ul>
                            </div>
                            <div class="test-content-detail">
                                <div class="detail-body"></div>
                            </div>
                        </div>
                    </div>
                </div>
            </div>
        </div>
    </div>
<script src="https://cdn.rawgit.com/extent-framework/extent-github-cdn/24cb10e/spark/js/script.js"></script>
</body>
</html>