<?xml version="1.0" encoding="UTF-8"?>
<!-- Generated by org.testng.reporters.JUnitXMLReporter -->
<testsuite ignored="0" hostname="DESKTOP-O1MNL82" failures="1" tests="1" name="Validating Home Page" time="45.385" errors="0" timestamp="2021-11-28T21:08:43 IST">
  <testcase classname="Academy.Homevalidation" name="homepageTextValidation" time="1.36">
    <failure type="java.lang.AssertionError" message="expected [Featured 123 Course] but found [Featured Courses]">
      <![CDATA[java.lang.AssertionError: expected [Featured 123 Course] but found [Featured Courses]
at Academy.Homevalidation.homepageTextValidation(Homevalidation.java:38)
at java.base/java.util.ArrayList.forEach(ArrayList.java:1511)
at java.base/java.util.concurrent.FutureTask.run(FutureTask.java:264)
at java.base/java.util.concurrent.ThreadPoolExecutor.runWorker(ThreadPoolExecutor.java:1130)
at java.base/java.util.concurrent.ThreadPoolExecutor$Worker.run(ThreadPoolExecutor.java:630)
at java.base/java.lang.Thread.run(Thread.java:831)
... Removed 24 stack frames]]>
    </failure>
  </testcase> <!-- homepageTextValidation -->
</testsuite> <!-- Validating Home Page -->
